<?xml version="1.0" encoding="UTF-8"?>
<!-- Generated by org.testng.reporters.JUnitReportReporter -->
<testsuite hostname="JATIN" failures="0" tests="1" name="Test_Package.Test1" time="4.719" errors="0" timestamp="2025-07-16T18:55:15 IST" skipped="0">
  <testcase classname="Test_Package.Test1" name="a" time="4.719"/>
</testsuite> <!-- Test_Package.Test1 -->
